<?xml version="1.0" encoding="UTF-8"?>
<!-- Generated by org.testng.reporters.JUnitXMLReporter -->
<testsuite hostname="DESKTOP-HAQKA9K" name="FailedTest-Rerunner(failed)" tests="1" failures="1" timestamp="16 Sep 2018 14:58:05 GMT" time="0.055" errors="0">
  <testcase name="sampleTest3" time="0.028" classname="com.autoqa.framework.apitest.executefailed.SampleTestClass2">
    <failure type="java.lang.AssertionError" message="expected [false] but found [true]">
      <![CDATA[java.lang.AssertionError: expected [false] but found [true]
	at com.autoqa.framework.apitest.executefailed.SampleTestClass2.sampleTest3(SampleTestClass2.java:11)
... Removed 29 stack frames]]>
    </failure>
  </testcase> <!-- sampleTest3 -->
</testsuite> <!-- FailedTest-Rerunner(failed) -->
